\BOOKMARK [1][-]{section*.1}{Main Memory}{}% 1
\BOOKMARK [2][-]{section*.2}{Definitions}{section*.1}% 2
\BOOKMARK [2][-]{section*.3}{Physical vs Logical memory}{section*.1}% 3
\BOOKMARK [3][-]{section*.4}{Differences Between Logical and Physical Address in Operating System}{section*.3}% 4
\BOOKMARK [2][-]{section*.5}{Swapping}{section*.1}% 5
\BOOKMARK [2][-]{section*.6}{Allocation}{section*.1}% 6
\BOOKMARK [3][-]{section*.7}{Contiguous versus non-contiguous}{section*.6}% 7
\BOOKMARK [3][-]{section*.8}{Algorithms}{section*.6}% 8
\BOOKMARK [2][-]{section*.9}{Fragmentation}{section*.1}% 9
\BOOKMARK [3][-]{section*.10}{External}{section*.9}% 10
\BOOKMARK [3][-]{section*.11}{Internal}{section*.9}% 11
\BOOKMARK [1][-]{section*.12}{Paging}{}% 12
\BOOKMARK [2][-]{section*.13}{Virtual-physical translation}{section*.12}% 13
\BOOKMARK [3][-]{section*.14}{Page Map Example}{section*.13}% 14
\BOOKMARK [2][-]{section*.15}{Paging and Fragmentation}{section*.12}% 15
\BOOKMARK [3][-]{section*.16}{Internal Fragmentation Calculation}{section*.15}% 16
\BOOKMARK [2][-]{section*.17}{Implementation of Page Table}{section*.12}% 17
\BOOKMARK [2][-]{section*.18}{Translation Look Aside Buffer}{section*.12}% 18
\BOOKMARK [1][-]{section*.19}{Virutal Memory}{}% 19
\BOOKMARK [2][-]{section*.20}{What is virtual memory}{section*.19}% 20
\BOOKMARK [3][-]{section*.21}{Benefits}{section*.20}% 21
\BOOKMARK [2][-]{section*.22}{Page fault handling}{section*.19}% 22
\BOOKMARK [3][-]{section*.23}{Performance estimations}{section*.22}% 23
\BOOKMARK [3][-]{section*.24}{Demand Paging Example}{section*.22}% 24
\BOOKMARK [3][-]{section*.25}{Demand Paging Opimizations}{section*.22}% 25
\BOOKMARK [3][-]{section*.26}{Memory Initialization}{section*.22}% 26
\BOOKMARK [2][-]{section*.27}{Page Replacement}{section*.19}% 27
\BOOKMARK [3][-]{section*.28}{Basic Page Replacement}{section*.27}% 28
\BOOKMARK [3][-]{section*.29}{Page Replacement Algorithms}{section*.27}% 29
\BOOKMARK [3][-]{section*.30}{FIFO}{section*.27}% 30
\BOOKMARK [3][-]{section*.31}{Optimal Algorithm}{section*.27}% 31
\BOOKMARK [3][-]{section*.32}{Least Recently Used}{section*.27}% 32
\BOOKMARK [3][-]{section*.33}{Enhanced Second Chance}{section*.27}% 33
\BOOKMARK [3][-]{section*.34}{Counting}{section*.27}% 34
\BOOKMARK [3][-]{section*.35}{Page Buffering}{section*.27}% 35
\BOOKMARK [3][-]{section*.36}{Belady's anomaly}{section*.27}% 36
\BOOKMARK [2][-]{section*.37}{Aspects of virtual memory}{section*.19}% 37
\BOOKMARK [3][-]{section*.38}{When to update: copy-on-write}{section*.37}% 38
\BOOKMARK [3][-]{section*.39}{Sharing: shared pages between processors}{section*.37}% 39
\BOOKMARK [3][-]{section*.40}{Use with I/O:memory mapped files}{section*.37}% 40
\BOOKMARK [2][-]{section*.41}{Thrashing}{section*.19}% 41
\BOOKMARK [2][-]{section*.42}{Working sets}{section*.19}% 42
\BOOKMARK [1][-]{section*.43}{File Systems}{}% 43
\BOOKMARK [2][-]{section*.44}{Definitions}{section*.43}% 44
\BOOKMARK [1][-]{section*.45}{File Systems Implementation}{}% 45
\BOOKMARK [2][-]{section*.46}{Definitions}{section*.45}% 46
\BOOKMARK [2][-]{section*.47}{Concepts}{section*.45}% 47
\BOOKMARK [3][-]{section*.48}{File system layers}{section*.47}% 48
\BOOKMARK [3][-]{section*.49}{Files, dirs, systems}{section*.47}% 49
\BOOKMARK [3][-]{section*.50}{Operations and usage}{section*.47}% 50
\BOOKMARK [3][-]{section*.51}{Remote file systems}{section*.47}% 51
\BOOKMARK [2][-]{section*.52}{Implementation}{section*.45}% 52
\BOOKMARK [3][-]{section*.53}{What is on disk? How is it formatted?}{section*.52}% 53
\BOOKMARK [3][-]{section*.54}{What is in memory? How is it represented?}{section*.52}% 54
\BOOKMARK [3][-]{section*.55}{Control blocks}{section*.52}% 55
\BOOKMARK [2][-]{section*.56}{System Usage}{section*.45}% 56
\BOOKMARK [3][-]{section*.57}{File allocation}{section*.56}% 57
\BOOKMARK [3][-]{section*.58}{Getting a file Caching}{section*.56}% 58
\BOOKMARK [3][-]{section*.59}{Free space management}{section*.56}% 59
\BOOKMARK [3][-]{section*.60}{Recovery}{section*.56}% 60
\BOOKMARK [1][-]{section*.61}{I/O Systems}{}% 61
\BOOKMARK [2][-]{section*.62}{Definitions}{section*.61}% 62
\BOOKMARK [2][-]{section*.63}{Hardware}{section*.61}% 63
\BOOKMARK [3][-]{section*.64}{Devices}{section*.63}% 64
\BOOKMARK [3][-]{section*.65}{Controllers}{section*.63}% 65
\BOOKMARK [2][-]{section*.66}{Interfacing with Devices}{section*.61}% 66
\BOOKMARK [3][-]{section*.67}{Polling, interrupts}{section*.66}% 67
\BOOKMARK [3][-]{section*.68}{DMA}{section*.66}% 68
\BOOKMARK [2][-]{section*.69}{Types of I/O Operation}{section*.61}% 69
\BOOKMARK [2][-]{section*.70}{I/O system structure in OS}{section*.61}% 70
\BOOKMARK [1][-]{section*.71}{Processes and Threads}{}% 71
\BOOKMARK [1][-]{section*.72}{Deadlocks}{}% 72
\BOOKMARK [2][-]{section*.73}{Concepts}{section*.72}% 73
\BOOKMARK [1][-]{section*.74}{Synchronization}{}% 74
\BOOKMARK [2][-]{section*.75}{Concepts}{section*.74}% 75
\BOOKMARK [2][-]{section*.76}{Peterson's Solution}{section*.74}% 76
\BOOKMARK [2][-]{section*.77}{Mutex vs Semaphore}{section*.74}% 77
\BOOKMARK [2][-]{section*.78}{Dining Philosopher}{section*.74}% 78
